2026-02-11 20:25:42,993 - INFO - Session Key loaded.
2026-02-11 20:25:42,998 - INFO - \U0001f50e Scanning Adalia Markets...
2026-02-11 20:25:43,000 - INFO - Computed Profitability: 710.00 SWAY
2026-02-11 20:25:43,001 - INFO - [bold green]\U0001f680 Opportunity Detected! Profit: 710.00[/bold green]
2026-02-11 20:25:43,002 - INFO - Dry Run complete. No transaction sent.
2026-02-11 20:36:30,495 - INFO - Session Key loaded.
2026-02-11 20:36:30,498 - INFO - \U0001f50e Scanning Adalia Markets...
2026-02-11 20:36:30,500 - INFO - Computed Profitability: 710.00 SWAY
2026-02-11 20:36:30,500 - INFO - [bold green]\U0001f680 Opportunity Detected! Profit: 710.00[/bold green]
2026-02-11 20:36:30,501 - INFO - Dry Run complete. No transaction sent.
2026-02-11 21:03:11,295 - INFO - Session Key loaded.
2026-02-11 21:04:31,588 - INFO - Session Key loaded.
2026-02-11 21:04:44,414 - INFO - Session Key loaded.
2026-02-11 21:10:40,369 - INFO - Session Key loaded.
2026-02-11 21:13:57,618 - INFO - Session Key loaded.
2026-02-11 21:32:21,382 - INFO - Session Key loaded.
2026-02-11 21:33:48,406 - INFO - Session Key loaded.
2026-02-11 21:37:17,408 - INFO - Session Key loaded.
2026-02-11 21:38:27,386 - INFO - Session Key loaded.
2026-02-11 21:39:30,896 - INFO - Session Key loaded.
2026-02-11 21:40:00,481 - INFO - Session Key loaded.
2026-02-11 21:58:26,761 - INFO - Session Key loaded.
2026-02-11 21:59:24,642 - INFO - Session Key loaded.
2026-02-11 21:59:37,919 - INFO - Session Key loaded.
2026-02-11 21:59:44,909 - INFO - Session Key loaded.
2026-02-11 21:59:56,562 - INFO - Session Key loaded.
2026-02-11 22:00:07,095 - INFO - Session Key loaded.
2026-02-11 22:00:19,739 - INFO - Session Key loaded.
2026-02-11 22:00:35,229 - INFO - Session Key loaded.
2026-02-11 22:09:15,914 - INFO - Session Key loaded.
2026-02-11 22:10:12,287 - INFO - Session Key loaded.
2026-02-11 22:10:33,629 - INFO - Session Key loaded.
2026-02-11 22:12:12,630 - INFO - Session Key loaded.
2026-02-11 22:21:57,551 - INFO - Session Key loaded.
